<?xml version="1.0" encoding="UTF-8"?>
<!-- Generated by org.testng.reporters.JUnitReportReporter -->
<testsuite hostname="DESKTOP-I3AAUH2" failures="0" tests="1" name="com.sand.automation.testPOMwpageFactoryTest" time="5.593" errors="0" timestamp="29 Dec 2020 15:19:06 GMT" skipped="0">
  <testcase classname="com.sand.automation.testPOMwpageFactoryTest" name="f" time="5.593"/>
</testsuite> <!-- com.sand.automation.testPOMwpageFactoryTest -->
