<?xml version="1.0" encoding="UTF-8"?>
<!-- Generated by org.testng.reporters.JUnitReportReporter -->
<testsuite hostname="DESKTOP-I3AAUH2" failures="0" tests="1" name="com.sand.automation.testobjects.LoginPageTest" time="6.851" errors="0" timestamp="16 Jan 2021 01:55:59 GMT" skipped="0">
  <testcase classname="com.sand.automation.testobjects.LoginPageTest" name="logintest" time="6.851"/>
</testsuite> <!-- com.sand.automation.testobjects.LoginPageTest -->
